# JRE version: OpenJDK Runtime Environment Temurin-17.0.7+7 (17.0.7+7) (build 17.0.7+7)
# Java VM: OpenJDK 64-Bit Server VM Temurin-17.0.7+7 (17.0.7+7, mixed mode, tiered, compressed oops, compressed class ptrs, g1 gc, windows-amd64)
GC Precious Log:
 CPUs: 4 total, 4 available
 Memory: 8101M
 Large Page Support: Disabled
 NUMA Support: Disabled
 Compressed Oops: Enabled (32-bit)
 Heap Region Size: 1M
 Heap Min Capacity: 8M
 Heap Initial Capacity: 128M
 Heap Max Capacity: 2026M
 Pre-touch: Disabled
 Parallel Workers: 4
 Concurrent Workers: 1
 Concurrent Refinement Workers: 4
 Periodic GC: Disabled
Heap:
 garbage-first heap   total 46080K, used 30549K [0x0000000081600000, 0x0000000100000000)
  region size 1024K, 7 young (7168K), 2 survivors (2048K)
 Metaspace       used 68785K, committed 69376K, reserved 1114112K
  class space    used 9106K, committed 9408K, reserved 1048576K
GC Heap History (20 events):
Event: 21.819 GC heap before
{Heap before GC invocations=19 (full 0):
 garbage-first heap   total 37888K, used 21585K [0x0000000081600000, 0x0000000100000000)
  region size 1024K, 3 young (3072K), 2 survivors (2048K)
 Metaspace       used 45913K, committed 46272K, reserved 1114112K
  class space    used 5783K, committed 5952K, reserved 1048576K
}
Event: 21.834 GC heap after
{Heap after GC invocations=20 (full 0):
 garbage-first heap   total 37888K, used 20535K [0x0000000081600000, 0x0000000100000000)
  region size 1024K, 1 young (1024K), 1 survivors (1024K)
 Metaspace       used 45913K, committed 46272K, reserved 1114112K
  class space    used 5783K, committed 5952K, reserved 1048576K
}
Event: 24.914 GC heap before
{Heap before GC invocations=20 (full 0):
 garbage-first heap   total 37888K, used 28727K [0x0000000081600000, 0x0000000100000000)
  region size 1024K, 10 young (10240K), 1 survivors (1024K)
 Metaspace       used 48790K, committed 49216K, reserved 1114112K
  class space    used 6159K, committed 6336K, reserved 1048576K
}
Event: 24.921 GC heap after
{Heap after GC invocations=21 (full 0):
 garbage-first heap   total 37888K, used 21163K [0x0000000081600000, 0x0000000100000000)
  region size 1024K, 2 young (2048K), 2 survivors (2048K)
 Metaspace       used 48790K, committed 49216K, reserved 1114112K
  class space    used 6159K, committed 6336K, reserved 1048576K
}
Event: 26.452 GC heap before
{Heap before GC invocations=22 (full 0):
 garbage-first heap   total 39936K, used 29355K [0x0000000081600000, 0x0000000100000000)
  region size 1024K, 11 young (11264K), 2 survivors (2048K)
 Metaspace       used 51217K, committed 51648K, reserved 1114112K
  class space    used 6491K, committed 6656K, reserved 1048576K
}
Event: 26.460 GC heap after
{Heap after GC invocations=23 (full 0):
 garbage-first heap   total 39936K, used 21784K [0x0000000081600000, 0x0000000100000000)
  region size 1024K, 2 young (2048K), 2 survivors (2048K)
 Metaspace       used 51217K, committed 51648K, reserved 1114112K
  class space    used 6491K, committed 6656K, reserved 1048576K
}
Event: 27.206 GC heap before
{Heap before GC invocations=23 (full 0):
 garbage-first heap   total 39936K, used 31000K [0x0000000081600000, 0x0000000100000000)
  region size 1024K, 12 young (12288K), 2 survivors (2048K)
 Metaspace       used 53080K, committed 53504K, reserved 1114112K
  class space    used 6720K, committed 6912K, reserved 1048576K
}
Event: 27.214 GC heap after
{Heap after GC invocations=24 (full 0):
 garbage-first heap   total 39936K, used 22584K [0x0000000081600000, 0x0000000100000000)
  region size 1024K, 2 young (2048K), 2 survivors (2048K)
 Metaspace       used 53080K, committed 53504K, reserved 1114112K
  class space    used 6720K, committed 6912K, reserved 1048576K
}
Event: 27.795 GC heap before
{Heap before GC invocations=25 (full 0):
 garbage-first heap   total 43008K, used 30776K [0x0000000081600000, 0x0000000100000000)
  region size 1024K, 11 young (11264K), 2 survivors (2048K)
 Metaspace       used 55122K, committed 55616K, reserved 1114112K
  class space    used 6957K, committed 7168K, reserved 1048576K
}
Event: 27.804 GC heap after
{Heap after GC invocations=26 (full 0):
 garbage-first heap   total 43008K, used 22888K [0x0000000081600000, 0x0000000100000000)
  region size 1024K, 2 young (2048K), 2 survivors (2048K)
 Metaspace       used 55122K, committed 55616K, reserved 1114112K
  class space    used 6957K, committed 7168K, reserved 1048576K
}
Event: 28.459 GC heap before
{Heap before GC invocations=26 (full 0):
 garbage-first heap   total 43008K, used 32104K [0x0000000081600000, 0x0000000100000000)
  region size 1024K, 12 young (12288K), 2 survivors (2048K)
 Metaspace       used 58619K, committed 59008K, reserved 1114112K
  class space    used 7510K, committed 7680K, reserved 1048576K
}
Event: 28.467 GC heap after
{Heap after GC invocations=27 (full 0):
 garbage-first heap   total 43008K, used 23502K [0x0000000081600000, 0x0000000100000000)
  region size 1024K, 2 young (2048K), 2 survivors (2048K)
 Metaspace       used 58619K, committed 59008K, reserved 1114112K
  class space    used 7510K, committed 7680K, reserved 1048576K
}
Event: 30.083 GC heap before
{Heap before GC invocations=28 (full 0):
 garbage-first heap   total 45056K, used 34766K [0x0000000081600000, 0x0000000100000000)
  region size 1024K, 13 young (13312K), 2 survivors (2048K)
 Metaspace       used 60937K, committed 61376K, reserved 1114112K
  class space    used 7987K, committed 8192K, reserved 1048576K
}
Event: 30.091 GC heap after
{Heap after GC invocations=29 (full 0):
 garbage-first heap   total 45056K, used 23800K [0x0000000081600000, 0x0000000100000000)
  region size 1024K, 2 young (2048K), 2 survivors (2048K)
 Metaspace       used 60937K, committed 61376K, reserved 1114112K
  class space    used 7987K, committed 8192K, reserved 1048576K
}
Event: 31.200 GC heap before
{Heap before GC invocations=29 (full 0):
 garbage-first heap   total 45056K, used 37112K [0x0000000081600000, 0x0000000100000000)
  region size 1024K, 15 young (15360K), 2 survivors (2048K)
 Metaspace       used 63560K, committed 64064K, reserved 1114112K
  class space    used 8395K, committed 8576K, reserved 1048576K
}
Event: 31.208 GC heap after
{Heap after GC invocations=30 (full 0):
 garbage-first heap   total 45056K, used 24420K [0x0000000081600000, 0x0000000100000000)
  region size 1024K, 2 young (2048K), 2 survivors (2048K)
 Metaspace       used 63560K, committed 64064K, reserved 1114112K
  class space    used 8395K, committed 8576K, reserved 1048576K
}
Event: 32.547 GC heap before
{Heap before GC invocations=31 (full 0):
 garbage-first heap   total 46080K, used 35684K [0x0000000081600000, 0x0000000100000000)
  region size 1024K, 14 young (14336K), 2 survivors (2048K)
 Metaspace       used 66125K, committed 66624K, reserved 1114112K
  class space    used 8679K, committed 8896K, reserved 1048576K
}
Event: 32.558 GC heap after
{Heap after GC invocations=32 (full 0):
 garbage-first heap   total 46080K, used 25387K [0x0000000081600000, 0x0000000100000000)
  region size 1024K, 2 young (2048K), 2 survivors (2048K)
 Metaspace       used 66125K, committed 66624K, reserved 1114112K
  class space    used 8679K, committed 8896K, reserved 1048576K
}
Event: 34.436 GC heap before
{Heap before GC invocations=32 (full 0):
 garbage-first heap   total 46080K, used 36651K [0x0000000081600000, 0x0000000100000000)
  region size 1024K, 14 young (14336K), 2 survivors (2048K)
 Metaspace       used 68420K, committed 68992K, reserved 1114112K
  class space    used 9041K, committed 9344K, reserved 1048576K
}
Event: 34.443 GC heap after
{Heap after GC invocations=33 (full 0):
 garbage-first heap   total 46080K, used 26453K [0x0000000081600000, 0x0000000100000000)
  region size 1024K, 2 young (2048K), 2 survivors (2048K)
 Metaspace       used 68420K, committed 68992K, reserved 1114112K
  class space    used 9041K, committed 9344K, reserved 1048576K
}

